<?xml version="1.0" encoding="UTF-8"?>
<!-- Generated by org.testng.reporters.JUnitReportReporter -->
<testsuite hostname="Sujith" failures="0" tests="2" name="TestNg.SampleTestNg" time="0.015" errors="0" timestamp="2024-12-27T20:29:18 IST" skipped="0">
  <testcase classname="TestNg.SampleTestNg" name="testCase2" time="0.002"/>
  <system-out/>
  <testcase classname="TestNg.SampleTestNg" name="testCase1" time="0.013"/>
  <system-out/>
</testsuite> <!-- TestNg.SampleTestNg -->
