<?xml version="1.0" encoding="UTF-8"?>
<!-- Generated by org.testng.reporters.JUnitReportReporter -->
<testsuite hostname="Sujith" failures="0" tests="5" name="TestNg.Priority" time="0.017" errors="0" timestamp="2024-12-30T19:47:56 IST" skipped="0">
  <testcase classname="TestNg.Priority" name="testCase1" time="0.012"/>
  <system-out/>
  <testcase classname="TestNg.Priority" name="testCase5" time="0.001"/>
  <system-out/>
  <testcase classname="TestNg.Priority" name="testCase4" time="0.001"/>
  <system-out/>
  <testcase classname="TestNg.Priority" name="testCase2" time="0.002"/>
  <system-out/>
  <testcase classname="TestNg.Priority" name="testCase3" time="0.001"/>
  <system-out/>
</testsuite> <!-- TestNg.Priority -->
