<?xml version="1.0" encoding="UTF-8"?>
<!-- Generated by org.testng.reporters.JUnitReportReporter -->
<testsuite hostname="Sujith" failures="0" tests="5" name="TestNg.SampleAnnotation" time="0.022" errors="0" timestamp="2024-12-30T20:01:25 IST" skipped="0">
  <testcase classname="TestNg.SampleAnnotation" name="testCase1" time="0.010"/>
  <system-out/>
  <testcase classname="TestNg.SampleAnnotation" name="testCase5" time="0.002"/>
  <system-out/>
  <testcase classname="TestNg.SampleAnnotation" name="testCase4" time="0.002"/>
  <system-out/>
  <testcase classname="TestNg.SampleAnnotation" name="testCase2" time="0.001"/>
  <system-out/>
  <testcase classname="TestNg.SampleAnnotation" name="testCase3" time="0.007"/>
  <system-out/>
</testsuite> <!-- TestNg.SampleAnnotation -->
